<?xml version="1.0" encoding="UTF-8"?>
<testsuite xmlns:xsi="http://www.w3.org/2001/XMLSchema-instance" xsi:noNamespaceSchemaLocation="https://maven.apache.org/surefire/maven-surefire-plugin/xsd/surefire-test-report-3.0.xsd" version="3.0" name="runner.TestRunner" time="93.164" tests="8" errors="0" skipped="0" failures="0">
  <properties>
[...]
</properties>
  <testcase name="Navigate to Today&apos;s Deals page" classname="Amazon Today&apos;s Deals" time="11.045">
    <system-out><![CDATA[
@Regression @Deals @Positive
Scenario: Navigate to Today's Deals page   &amp#27;[90m# features/deals.feature:8&amp#27;[0m
22:33:26.129 [main] INFO  utils.LoggerUtil - =================================================
22:33:26.138 [main] INFO  utils.LoggerUtil - SCENARIO START: Navigate to Today's Deals page
22:33:26.138 [main] INFO  utils.LoggerUtil - =================================================
22:33:26.139 [main] INFO  hooks.Hooks - Tags: [@Regression, @Deals, @Positive]
22:33:29.457 [main] INFO  hooks.Hooks - Browser launched for scenario: Navigate to Today's Deals page
22:33:29.481 [main] INFO  utils.LoggerUtil - ▶ STEP: Opening Amazon website
22:33:30.674 [main] INFO  base.BasePage - Navigated to: https://www.amazon.in
22:33:30.692 [main] INFO  base.BasePage - Page fully loaded
22:33:30.717 [main] INFO  utils.LoggerUtil - ✓ PASS: Amazon opened successfully
  &amp#27;[32mGiven &amp#27;[0m&amp#27;[32muser opens amazon website&amp#27;[0m          &amp#27;[90m# stepdefinitions.DealsSteps.user_opens_amazon_website()&amp#27;[0m
22:33:30.721 [main] INFO  utils.LoggerUtil - ▶ STEP: Click Today's Deals
22:33:35.891 [main] INFO  base.BasePage - Clicked element: By.xpath: //a[contains(@href,'deals')]
22:33:35.952 [main] INFO  base.BasePage - Page fully loaded
22:33:35.952 [main] INFO  utils.LoggerUtil - ✓ PASS: Clicked Today's Deals
  &amp#27;[32mWhen &amp#27;[0m&amp#27;[32muser clicks Today's Deals&amp#27;[0m           &amp#27;[90m# stepdefinitions.DealsSteps.user_clicks_todays_deals()&amp#27;[0m
  &amp#27;[32mThen &amp#27;[0m&amp#27;[32mdeals page should load successfully&amp#27;[0m &amp#27;[90m# stepdefinitions.DealsSteps.deals_page_should_load_successfully()&amp#27;[0m
22:33:35.981 [main] INFO  hooks.Hooks - Scenario PASSED: Navigate to Today's Deals page
22:33:36.343 [main] INFO  hooks.Hooks - Browser closed
22:33:36.343 [main] INFO  utils.LoggerUtil - SCENARIO PASSED: Navigate to Today's Deals page
22:33:36.344 [main] INFO  utils.LoggerUtil - =================================================
]]></system-out>
    <system-err><![CDATA[SLF4J(W): No SLF4J providers were found.
SLF4J(W): Defaulting to no-operation (NOP) logger implementation
SLF4J(W): See https://www.slf4j.org/codes.html#noProviders for further details.
Jun 23, 2026 10:33:29 PM org.openqa.selenium.devtools.CdpVersionFinder findNearestMatch
WARNING: Unable to find CDP implementation matching 149
Jun 23, 2026 10:33:29 PM org.openqa.selenium.chromium.ChromiumDriver lambda$new$5
WARNING: Unable to find version of CDP to use for 149.0.7827.155. You may need to include a dependency on a specific version of the CDP using something similar to `org.seleniumhq.selenium:selenium-devtools-v86:4.15.0` where the version ("v86") matches the version of the chromium-based browser you're using and the version number of the artifact is the same as Selenium's.
]]></system-err>
  </testcase>
  <testcase name="Open left navigation menu" classname="Amazon Left Navigation" time="7.534">
    <system-out><![CDATA[
@Regression @Navigation @Positive
Scenario: Open left navigation menu        &amp#27;[90m# features/navigation.feature:8&amp#27;[0m
22:33:36.387 [main] INFO  utils.LoggerUtil - =================================================
22:33:36.387 [main] INFO  utils.LoggerUtil - SCENARIO START: Open left navigation menu
22:33:36.389 [main] INFO  utils.LoggerUtil - =================================================
22:33:36.389 [main] INFO  hooks.Hooks - Tags: [@Regression, @Navigation, @Positive]
22:33:37.735 [main] INFO  hooks.Hooks - Browser launched for scenario: Open left navigation menu
22:33:37.738 [main] INFO  utils.LoggerUtil - ▶ STEP: Opening Amazon website
22:33:37.902 [main] INFO  base.BasePage - Navigated to: https://www.amazon.in
22:33:41.521 [main] INFO  base.BasePage - Page fully loaded
22:33:41.559 [main] INFO  utils.LoggerUtil - ✓ PASS: Amazon opened successfully
  &amp#27;[32mGiven &amp#27;[0m&amp#27;[32muser opens amazon website&amp#27;[0m          &amp#27;[90m# stepdefinitions.DealsSteps.user_opens_amazon_website()&amp#27;[0m
22:33:41.561 [main] INFO  utils.LoggerUtil - ▶ STEP: Open left navigation menu
22:33:42.731 [main] INFO  base.BasePage - Clicked element: By.id: nav-hamburger-menu
22:33:43.387 [main] INFO  pages.NavigationPage - Left nav menu opened
22:33:43.391 [main] INFO  utils.LoggerUtil - ✓ PASS: Left nav menu opened
  &amp#27;[32mWhen &amp#27;[0m&amp#27;[32muser opens the left navigation menu&amp#27;[0m &amp#27;[90m# stepdefinitions.NavigationSteps.user_opens_left_navigation_menu()&amp#27;[0m
Nav item count = 38
22:33:43.421 [main] INFO  utils.LoggerUtil - Nav menu has 38 items
  &amp#27;[32mThen &amp#27;[0m&amp#27;[32mthe left nav menu should have items&amp#27;[0m &amp#27;[90m# stepdefinitions.NavigationSteps.left_nav_should_have_items()&amp#27;[0m
22:33:43.424 [main] INFO  hooks.Hooks - Scenario PASSED: Open left navigation menu
22:33:43.893 [main] INFO  hooks.Hooks - Browser closed
22:33:43.894 [main] INFO  utils.LoggerUtil - SCENARIO PASSED: Open left navigation menu
22:33:43.894 [main] INFO  utils.LoggerUtil - =================================================
]]></system-out>
    <system-err><![CDATA[Jun 23, 2026 10:33:37 PM org.openqa.selenium.devtools.CdpVersionFinder findNearestMatch
WARNING: Unable to find CDP implementation matching 149
Jun 23, 2026 10:33:37 PM org.openqa.selenium.chromium.ChromiumDriver lambda$new$5
WARNING: Unable to find version of CDP to use for 149.0.7827.155. You may need to include a dependency on a specific version of the CDP using something similar to `org.seleniumhq.selenium:selenium-devtools-v86:4.15.0` where the version ("v86") matches the version of the chromium-based browser you're using and the version number of the artifact is the same as Selenium's.
]]></system-err>
  </testcase>
  <testcase name="Navigate to Mobile Phones via left nav menu" classname="Amazon Left Navigation" time="15.378">
    <system-out><![CDATA[
@Regression @Navigation @Positive
Scenario: Navigate to Mobile Phones via left nav menu   &amp#27;[90m# features/navigation.feature:13&amp#27;[0m
22:33:43.906 [main] INFO  utils.LoggerUtil - =================================================
22:33:43.906 [main] INFO  utils.LoggerUtil - SCENARIO START: Navigate to Mobile Phones via left nav menu
22:33:43.906 [main] INFO  utils.LoggerUtil - =================================================
22:33:43.907 [main] INFO  hooks.Hooks - Tags: [@Regression, @Navigation, @Positive]
22:33:44.972 [main] INFO  hooks.Hooks - Browser launched for scenario: Navigate to Mobile Phones via left nav menu
22:33:44.972 [main] INFO  utils.LoggerUtil - ▶ STEP: Opening Amazon website
22:33:46.350 [main] INFO  base.BasePage - Navigated to: https://www.amazon.in
22:33:46.402 [main] INFO  base.BasePage - Page fully loaded
22:33:46.414 [main] INFO  utils.LoggerUtil - ✓ PASS: Amazon opened successfully
  &amp#27;[32mGiven &amp#27;[0m&amp#27;[32muser opens amazon website&amp#27;[0m                       &amp#27;[90m# stepdefinitions.DealsSteps.user_opens_amazon_website()&amp#27;[0m
22:33:46.417 [main] INFO  utils.LoggerUtil - ▶ STEP: Navigate to Mobile Phones
22:33:49.334 [main] INFO  base.BasePage - Clicked element: By.id: nav-hamburger-menu
22:33:49.942 [main] INFO  pages.NavigationPage - Left nav menu opened
Menu item = Hello, sign in
Menu item = Bestsellers
Menu item = New Releases
Menu item = Echo & Alexa
Menu item = Fire TV
Menu item = Kindle E-Readers & eBooks
Menu item = Audible Audiobooks
Menu item = Amazon Prime Video
Menu item = Amazon Music
Menu item = Mobiles, Computers
22:33:50.309 [main] INFO  base.BasePage - Scrolled to element
22:33:50.336 [main] INFO  base.BasePage - JS clicked element
22:33:50.336 [main] INFO  pages.NavigationPage - Clicked menu item Mobiles, Computers
22:33:50.348 [main] INFO  base.BasePage - Page fully loaded
Menu item = Hello, sign in
Menu item = Bestsellers
Menu item = New Releases
Menu item = Echo & Alexa
Menu item = MAIN MENU
Menu item = All Mobile Phones
22:33:52.074 [main] INFO  base.BasePage - Scrolled to element
22:33:58.841 [main] INFO  base.BasePage - JS clicked element
22:33:58.842 [main] INFO  pages.NavigationPage - Clicked menu item All Mobile Phones
22:33:58.851 [main] INFO  base.BasePage - Page fully loaded
22:33:58.851 [main] INFO  utils.LoggerUtil - ✓ PASS: Navigated to Mobile Phones
  &amp#27;[32mWhen &amp#27;[0m&amp#27;[32muser navigates to Mobiles and then Mobile Phones&amp#27;[0m &amp#27;[90m# stepdefinitions.NavigationSteps.user_navigates_to_mobiles_and_phones()&amp#27;[0m
Page Title = Buy Mobile Phones Online at Best Prices — Amazon.in Great Indian Summer Sale 2026
  &amp#27;[32mThen &amp#27;[0m&amp#27;[32mthe page title should contain Amazon&amp#27;[0m             &amp#27;[90m# stepdefinitions.NavigationSteps.page_title_contains_amazon()&amp#27;[0m
22:33:58.871 [main] INFO  hooks.Hooks - Scenario PASSED: Navigate to Mobile Phones via left nav menu
22:33:59.274 [main] INFO  hooks.Hooks - Browser closed
22:33:59.274 [main] INFO  utils.LoggerUtil - SCENARIO PASSED: Navigate to Mobile Phones via left nav menu
22:33:59.274 [main] INFO  utils.LoggerUtil - =================================================
]]></system-out>
    <system-err><![CDATA[Jun 23, 2026 10:33:44 PM org.openqa.selenium.devtools.CdpVersionFinder findNearestMatch
WARNING: Unable to find CDP implementation matching 149
Jun 23, 2026 10:33:44 PM org.openqa.selenium.chromium.ChromiumDriver lambda$new$5
WARNING: Unable to find version of CDP to use for 149.0.7827.155. You may need to include a dependency on a specific version of the CDP using something similar to `org.seleniumhq.selenium:selenium-devtools-v86:4.15.0` where the version ("v86") matches the version of the chromium-based browser you're using and the version number of the artifact is the same as Selenium's.
]]></system-err>
  </testcase>
  <testcase name="Navigate to menu item and return to homepage" classname="Amazon Left Navigation" time="6.592">
    <system-out><![CDATA[
@Regression @Navigation @Positive
Scenario: Navigate to menu item and return to homepage &amp#27;[90m# features/navigation.feature:18&amp#27;[0m
22:33:59.289 [main] INFO  utils.LoggerUtil - =================================================
22:33:59.289 [main] INFO  utils.LoggerUtil - SCENARIO START: Navigate to menu item and return to homepage
22:33:59.289 [main] INFO  utils.LoggerUtil - =================================================
22:33:59.289 [main] INFO  hooks.Hooks - Tags: [@Regression, @Navigation, @Positive]
22:34:00.367 [main] INFO  hooks.Hooks - Browser launched for scenario: Navigate to menu item and return to homepage
22:34:00.371 [main] INFO  utils.LoggerUtil - ▶ STEP: Opening Amazon website
22:34:00.556 [main] INFO  base.BasePage - Navigated to: https://www.amazon.in
22:34:03.673 [main] INFO  base.BasePage - Page fully loaded
22:34:03.704 [main] INFO  utils.LoggerUtil - ✓ PASS: Amazon opened successfully
  &amp#27;[32mGiven &amp#27;[0m&amp#27;[32muser opens amazon website&amp#27;[0m                      &amp#27;[90m# stepdefinitions.DealsSteps.user_opens_amazon_website()&amp#27;[0m
22:34:03.705 [main] INFO  utils.LoggerUtil - ▶ STEP: Open left navigation menu
22:34:04.207 [main] INFO  base.BasePage - Clicked element: By.id: nav-hamburger-menu
22:34:04.886 [main] INFO  pages.NavigationPage - Left nav menu opened
22:34:04.891 [main] INFO  utils.LoggerUtil - ✓ PASS: Left nav menu opened
  &amp#27;[32mWhen &amp#27;[0m&amp#27;[32muser opens the left navigation menu&amp#27;[0m             &amp#27;[90m# stepdefinitions.NavigationSteps.user_opens_left_navigation_menu()&amp#27;[0m
22:34:04.895 [main] INFO  utils.LoggerUtil - ▶ STEP: Select menu item: Mobiles
Menu item = Hello, sign in
Menu item = Bestsellers
Menu item = New Releases
Menu item = Echo & Alexa
Menu item = Fire TV
Menu item = Kindle E-Readers & eBooks
Menu item = Audible Audiobooks
Menu item = Amazon Prime Video
Menu item = Amazon Music
Menu item = Mobiles, Computers
22:34:05.281 [main] INFO  base.BasePage - Scrolled to element
22:34:05.307 [main] INFO  base.BasePage - JS clicked element
22:34:05.307 [main] INFO  pages.NavigationPage - Clicked menu item Mobiles, Computers
22:34:05.321 [main] INFO  base.BasePage - Page fully loaded
22:34:05.321 [main] INFO  utils.LoggerUtil - ✓ PASS: Menu item selected: Mobiles
  &amp#27;[32mAnd &amp#27;[0m&amp#27;[32muser selects &amp#27;[0m&amp#27;[32m&amp#27;[1m"Mobiles"&amp#27;[0m&amp#27;[32m from the menu&amp#27;[0m             &amp#27;[90m# stepdefinitions.NavigationSteps.user_selects_from_menu(java.lang.String)&amp#27;[0m
22:34:05.323 [main] INFO  utils.LoggerUtil - ▶ STEP: Navigate back to main menu
22:34:05.377 [main] INFO  base.BasePage - JS clicked element
22:34:05.379 [main] INFO  pages.NavigationPage - Menu closed
22:34:05.379 [main] INFO  utils.LoggerUtil - ✓ PASS: Returned to main menu
  &amp#27;[32mAnd &amp#27;[0m&amp#27;[32muser navigates back to the main menu&amp#27;[0m             &amp#27;[90m# stepdefinitions.NavigationSteps.user_navigates_back_to_main_menu()&amp#27;[0m
22:34:05.382 [main] INFO  utils.LoggerUtil - ▶ STEP: Verify homepage
Current URL = https://www.amazon.in/
Current URL = https://www.amazon.in/
22:34:05.409 [main] INFO  utils.LoggerUtil - ✓ PASS: Verified homepage
  &amp#27;[32mThen &amp#27;[0m&amp#27;[32muser should be on the homepage&amp#27;[0m                  &amp#27;[90m# stepdefinitions.NavigationSteps.user_should_be_on_homepage()&amp#27;[0m
22:34:05.412 [main] INFO  hooks.Hooks - Scenario PASSED: Navigate to menu item and return to homepage
22:34:05.865 [main] INFO  hooks.Hooks - Browser closed
22:34:05.866 [main] INFO  utils.LoggerUtil - SCENARIO PASSED: Navigate to menu item and return to homepage
22:34:05.866 [main] INFO  utils.LoggerUtil - =================================================
]]></system-out>
    <system-err><![CDATA[Jun 23, 2026 10:34:00 PM org.openqa.selenium.devtools.CdpVersionFinder findNearestMatch
WARNING: Unable to find CDP implementation matching 149
Jun 23, 2026 10:34:00 PM org.openqa.selenium.chromium.ChromiumDriver lambda$new$5
WARNING: Unable to find version of CDP to use for 149.0.7827.155. You may need to include a dependency on a specific version of the CDP using something similar to `org.seleniumhq.selenium:selenium-devtools-v86:4.15.0` where the version ("v86") matches the version of the chromium-based browser you're using and the version number of the artifact is the same as Selenium's.
]]></system-err>
  </testcase>
  <testcase name="Verify homepage is Amazon after navigation" classname="Amazon Left Navigation" time="6.808">
    <system-out><![CDATA[
@Regression @Navigation @Negative
Scenario: Verify homepage is Amazon after navigation &amp#27;[90m# features/navigation.feature:25&amp#27;[0m
22:34:05.879 [main] INFO  utils.LoggerUtil - =================================================
22:34:05.880 [main] INFO  utils.LoggerUtil - SCENARIO START: Verify homepage is Amazon after navigation
22:34:05.880 [main] INFO  utils.LoggerUtil - =================================================
22:34:05.880 [main] INFO  hooks.Hooks - Tags: [@Regression, @Navigation, @Negative]
22:34:06.785 [main] INFO  hooks.Hooks - Browser launched for scenario: Verify homepage is Amazon after navigation
22:34:06.787 [main] INFO  utils.LoggerUtil - ▶ STEP: Opening Amazon website
22:34:06.972 [main] INFO  base.BasePage - Navigated to: https://www.amazon.in
22:34:10.814 [main] INFO  base.BasePage - Page fully loaded
22:34:10.871 [main] INFO  utils.LoggerUtil - ✓ PASS: Amazon opened successfully
  &amp#27;[32mGiven &amp#27;[0m&amp#27;[32muser opens amazon website&amp#27;[0m                    &amp#27;[90m# stepdefinitions.DealsSteps.user_opens_amazon_website()&amp#27;[0m
22:34:10.874 [main] INFO  utils.LoggerUtil - ▶ STEP: Open left navigation menu
22:34:11.376 [main] INFO  base.BasePage - Clicked element: By.id: nav-hamburger-menu
22:34:11.987 [main] INFO  pages.NavigationPage - Left nav menu opened
22:34:11.989 [main] INFO  utils.LoggerUtil - ✓ PASS: Left nav menu opened
  &amp#27;[32mWhen &amp#27;[0m&amp#27;[32muser opens the left navigation menu&amp#27;[0m           &amp#27;[90m# stepdefinitions.NavigationSteps.user_opens_left_navigation_menu()&amp#27;[0m
22:34:11.989 [main] INFO  utils.LoggerUtil - ▶ STEP: Navigate back to main menu
22:34:12.035 [main] INFO  utils.LoggerUtil - ✓ PASS: Returned to main menu
  &amp#27;[32mAnd &amp#27;[0m&amp#27;[32muser navigates back to the main menu&amp#27;[0m           &amp#27;[90m# stepdefinitions.NavigationSteps.user_navigates_back_to_main_menu()&amp#27;[0m
22:34:12.037 [main] INFO  utils.LoggerUtil - ▶ STEP: Verify homepage
Current URL = https://www.amazon.in/
Current URL = https://www.amazon.in/
22:34:12.137 [main] INFO  utils.LoggerUtil - ✓ PASS: Verified homepage
  &amp#27;[32mThen &amp#27;[0m&amp#27;[32muser should be on the homepage&amp#27;[0m                &amp#27;[90m# stepdefinitions.NavigationSteps.user_should_be_on_homepage()&amp#27;[0m
22:34:12.139 [main] INFO  hooks.Hooks - Scenario PASSED: Verify homepage is Amazon after navigation
22:34:12.673 [main] INFO  hooks.Hooks - Browser closed
22:34:12.673 [main] INFO  utils.LoggerUtil - SCENARIO PASSED: Verify homepage is Amazon after navigation
22:34:12.673 [main] INFO  utils.LoggerUtil - =================================================
]]></system-out>
    <system-err><![CDATA[Jun 23, 2026 10:34:06 PM org.openqa.selenium.devtools.CdpVersionFinder findNearestMatch
WARNING: Unable to find CDP implementation matching 149
Jun 23, 2026 10:34:06 PM org.openqa.selenium.chromium.ChromiumDriver lambda$new$5
WARNING: Unable to find version of CDP to use for 149.0.7827.155. You may need to include a dependency on a specific version of the CDP using something similar to `org.seleniumhq.selenium:selenium-devtools-v86:4.15.0` where the version ("v86") matches the version of the chromium-based browser you're using and the version number of the artifact is the same as Selenium's.
]]></system-err>
  </testcase>
  <testcase name="Search for Mobiles and verify results appear" classname="Amazon Product Search" time="8.348">
    <system-out><![CDATA[
@Regression @Search @Positive
Scenario: Search for Mobiles and verify results appear &amp#27;[90m# features/search.feature:8&amp#27;[0m
22:34:12.690 [main] INFO  utils.LoggerUtil - =================================================
22:34:12.690 [main] INFO  utils.LoggerUtil - SCENARIO START: Search for Mobiles and verify results appear
22:34:12.690 [main] INFO  utils.LoggerUtil - =================================================
22:34:12.690 [main] INFO  hooks.Hooks - Tags: [@Regression, @Search, @Positive]
22:34:13.512 [main] INFO  hooks.Hooks - Browser launched for scenario: Search for Mobiles and verify results appear
22:34:13.512 [main] INFO  utils.LoggerUtil - ▶ STEP: Opening Amazon website
22:34:14.816 [main] INFO  base.BasePage - Navigated to: https://www.amazon.in
22:34:14.824 [main] INFO  base.BasePage - Page fully loaded
22:34:14.835 [main] INFO  utils.LoggerUtil - ✓ PASS: Amazon opened successfully
  &amp#27;[32mGiven &amp#27;[0m&amp#27;[32muser opens amazon website&amp#27;[0m                      &amp#27;[90m# stepdefinitions.DealsSteps.user_opens_amazon_website()&amp#27;[0m
22:34:14.837 [main] INFO  utils.LoggerUtil - ▶ STEP: Search for product: Mobiles
22:34:17.654 [main] INFO  base.BasePage - Typed 'Mobiles' into: By.id: twotabsearchtextbox
22:34:20.332 [main] INFO  base.BasePage - Clicked element: By.id: nav-search-submit-button
22:34:20.359 [main] INFO  base.BasePage - Page fully loaded
22:34:20.361 [main] INFO  utils.LoggerUtil - ✓ PASS: Search performed for: Mobiles
  &amp#27;[32mWhen &amp#27;[0m&amp#27;[32muser searches for product &amp#27;[0m&amp#27;[32m&amp#27;[1m"Mobiles"&amp#27;[0m             &amp#27;[90m# stepdefinitions.SearchSteps.user_searches_for_product(java.lang.String)&amp#27;[0m
22:34:20.361 [main] INFO  utils.LoggerUtil - ▶ STEP: Verify search results present
22:34:20.511 [main] INFO  utils.LoggerUtil - Search returned 22 results
22:34:20.511 [main] INFO  utils.LoggerUtil - ✓ PASS: Search results verified: 22 items
  &amp#27;[32mThen &amp#27;[0m&amp#27;[32msearch results should be displayed&amp#27;[0m              &amp#27;[90m# stepdefinitions.SearchSteps.search_results_should_be_displayed()&amp#27;[0m
22:34:20.511 [main] INFO  hooks.Hooks - Scenario PASSED: Search for Mobiles and verify results appear
22:34:21.032 [main] INFO  hooks.Hooks - Browser closed
22:34:21.032 [main] INFO  utils.LoggerUtil - SCENARIO PASSED: Search for Mobiles and verify results appear
22:34:21.032 [main] INFO  utils.LoggerUtil - =================================================
]]></system-out>
    <system-err><![CDATA[Jun 23, 2026 10:34:13 PM org.openqa.selenium.devtools.CdpVersionFinder findNearestMatch
WARNING: Unable to find CDP implementation matching 149
Jun 23, 2026 10:34:13 PM org.openqa.selenium.chromium.ChromiumDriver lambda$new$5
WARNING: Unable to find version of CDP to use for 149.0.7827.155. You may need to include a dependency on a specific version of the CDP using something similar to `org.seleniumhq.selenium:selenium-devtools-v86:4.15.0` where the version ("v86") matches the version of the chromium-based browser you're using and the version number of the artifact is the same as Selenium's.
]]></system-err>
  </testcase>
  <testcase name="Search for Mobiles and get last displayed item details" classname="Amazon Product Search" time="9.341">
    <system-out><![CDATA[
@Regression @Search @Positive
Scenario: Search for Mobiles and get last displayed item details &amp#27;[90m# features/search.feature:13&amp#27;[0m
22:34:21.039 [main] INFO  utils.LoggerUtil - =================================================
22:34:21.040 [main] INFO  utils.LoggerUtil - SCENARIO START: Search for Mobiles and get last displayed item details
22:34:21.040 [main] INFO  utils.LoggerUtil - =================================================
22:34:21.040 [main] INFO  hooks.Hooks - Tags: [@Regression, @Search, @Positive]
22:34:21.987 [main] INFO  hooks.Hooks - Browser launched for scenario: Search for Mobiles and get last displayed item details
22:34:21.987 [main] INFO  utils.LoggerUtil - ▶ STEP: Opening Amazon website
22:34:22.209 [main] INFO  base.BasePage - Navigated to: https://www.amazon.in
22:34:23.252 [main] INFO  base.BasePage - Page fully loaded
22:34:23.261 [main] INFO  utils.LoggerUtil - ✓ PASS: Amazon opened successfully
  &amp#27;[32mGiven &amp#27;[0m&amp#27;[32muser opens amazon website&amp#27;[0m                                &amp#27;[90m# stepdefinitions.DealsSteps.user_opens_amazon_website()&amp#27;[0m
22:34:23.264 [main] INFO  utils.LoggerUtil - ▶ STEP: Search for product: Mobiles
22:34:25.895 [main] INFO  base.BasePage - Typed 'Mobiles' into: By.id: twotabsearchtextbox
22:34:29.178 [main] INFO  base.BasePage - Clicked element: By.id: nav-search-submit-button
22:34:29.251 [main] INFO  base.BasePage - Page fully loaded
22:34:29.252 [main] INFO  utils.LoggerUtil - ✓ PASS: Search performed for: Mobiles
  &amp#27;[32mWhen &amp#27;[0m&amp#27;[32muser searches for product &amp#27;[0m&amp#27;[32m&amp#27;[1m"Mobiles"&amp#27;[0m                       &amp#27;[90m# stepdefinitions.SearchSteps.user_searches_for_product(java.lang.String)&amp#27;[0m
22:34:29.252 [main] INFO  utils.LoggerUtil - ▶ STEP: Scroll to last displayed item
22:34:29.347 [main] INFO  base.BasePage - Page fully loaded
22:34:29.426 [main] INFO  pages.SearchPage - Found 22 search results
22:34:29.471 [main] INFO  base.BasePage - Scrolled to bottom of page
22:34:29.501 [main] INFO  base.BasePage - Page fully loaded
22:34:29.536 [main] INFO  base.BasePage - Page fully loaded
22:34:29.606 [main] INFO  pages.SearchPage - Found 22 search results
22:34:29.651 [main] INFO  base.BasePage - Scrolled to element
22:34:29.651 [main] INFO  pages.SearchPage - Got last search result
22:34:29.721 [main] INFO  pages.SearchPage - Last item title Apple iPhone Air 256 GB: Thinnest iPhone Ever, 16.63 cm (6.5″) Display with Promotion up to 120Hz, Powerful A19 Pro Chip, Center Stage Front Camera, All-Day Battery Life; Cloud White
22:34:29.735 [main] INFO  base.BasePage - Page fully loaded
22:34:29.753 [main] INFO  pages.SearchPage - Found 22 search results
22:34:29.761 [main] INFO  base.BasePage - Scrolled to bottom of page
22:34:29.779 [main] INFO  base.BasePage - Page fully loaded
22:34:29.792 [main] INFO  base.BasePage - Page fully loaded
22:34:29.812 [main] INFO  pages.SearchPage - Found 22 search results
22:34:29.824 [main] INFO  base.BasePage - Scrolled to element
22:34:29.824 [main] INFO  pages.SearchPage - Got last search result
22:34:29.942 [main] INFO  pages.SearchPage - Last item price 
22:34:29.942 [main] INFO  utils.LoggerUtil - Last item title: Apple iPhone Air 256 GB: Thinnest iPhone Ever, 16.63 cm (6.5″) Display with Promotion up to 120Hz, Powerful A19 Pro Chip, Center Stage Front Camera, All-Day Battery Life; Cloud White
22:34:29.942 [main] INFO  utils.LoggerUtil - Last item price: 
22:34:29.942 [main] INFO  utils.LoggerUtil - ✓ PASS: Scrolled to last item
  &amp#27;[32mAnd &amp#27;[0m&amp#27;[32muser scrolls to the last displayed item&amp#27;[0m                    &amp#27;[90m# stepdefinitions.SearchSteps.user_scrolls_to_last_displayed_item()&amp#27;[0m
22:34:29.944 [main] INFO  utils.LoggerUtil - ▶ STEP: Verify last item details
22:34:29.947 [main] INFO  utils.LoggerUtil - Verified last item: 'Apple iPhone Air 256 GB: Thinnest iPhone Ever, 16.63 cm (6.5″) Display with Promotion up to 120Hz, Powerful A19 Pro Chip, Center Stage Front Camera, All-Day Battery Life; Cloud White'
22:34:29.947 [main] INFO  utils.LoggerUtil - ✓ PASS: Last item details verified
  &amp#27;[32mThen &amp#27;[0m&amp#27;[32mlast item details should be displayed&amp#27;[0m                     &amp#27;[90m# stepdefinitions.SearchSteps.last_item_details_should_be_displayed()&amp#27;[0m
22:34:29.951 [main] INFO  hooks.Hooks - Scenario PASSED: Search for Mobiles and get last displayed item details
22:34:30.373 [main] INFO  hooks.Hooks - Browser closed
22:34:30.373 [main] INFO  utils.LoggerUtil - SCENARIO PASSED: Search for Mobiles and get last displayed item details
22:34:30.373 [main] INFO  utils.LoggerUtil - =================================================
]]></system-out>
    <system-err><![CDATA[Jun 23, 2026 10:34:21 PM org.openqa.selenium.devtools.CdpVersionFinder findNearestMatch
WARNING: Unable to find CDP implementation matching 149
Jun 23, 2026 10:34:21 PM org.openqa.selenium.chromium.ChromiumDriver lambda$new$5
WARNING: Unable to find version of CDP to use for 149.0.7827.155. You may need to include a dependency on a specific version of the CDP using something similar to `org.seleniumhq.selenium:selenium-devtools-v86:4.15.0` where the version ("v86") matches the version of the chromium-based browser you're using and the version number of the artifact is the same as Selenium's.
]]></system-err>
  </testcase>
  <testcase name="Example #1.1" classname="Examples" time="27.567">
    <system-out><![CDATA[
@Regression @Search @Positive
Scenario Outline: Search multiple products and verify results &amp#27;[90m# features/search.feature:26&amp#27;[0m
22:34:30.382 [main] INFO  utils.LoggerUtil - =================================================
22:34:30.382 [main] INFO  utils.LoggerUtil - SCENARIO START: Search multiple products and verify results
22:34:30.382 [main] INFO  utils.LoggerUtil - =================================================
22:34:30.382 [main] INFO  hooks.Hooks - Tags: [@Regression, @Search, @Positive]
22:34:31.225 [main] INFO  hooks.Hooks - Browser launched for scenario: Search multiple products and verify results
22:34:31.229 [main] INFO  utils.LoggerUtil - ▶ STEP: Opening Amazon website
22:34:32.575 [main] INFO  base.BasePage - Navigated to: https://www.amazon.in
22:34:32.627 [main] INFO  base.BasePage - Page fully loaded
22:34:32.639 [main] INFO  utils.LoggerUtil - ✓ PASS: Amazon opened successfully
  &amp#27;[32mGiven &amp#27;[0m&amp#27;[32muser opens amazon website&amp#27;[0m                             &amp#27;[90m# stepdefinitions.DealsSteps.user_opens_amazon_website()&amp#27;[0m
22:34:32.639 [main] INFO  utils.LoggerUtil - ▶ STEP: Search for product: iPhone
22:34:35.341 [main] INFO  base.BasePage - Typed 'iPhone' into: By.id: twotabsearchtextbox
22:34:57.492 [main] INFO  base.BasePage - Clicked element: By.id: nav-search-submit-button
22:34:57.508 [main] INFO  base.BasePage - Page fully loaded
22:34:57.508 [main] INFO  utils.LoggerUtil - ✓ PASS: Search performed for: iPhone
  &amp#27;[32mWhen &amp#27;[0m&amp#27;[32muser searches for product &amp#27;[0m&amp#27;[32m&amp#27;[1m"iPhone"&amp#27;[0m                     &amp#27;[90m# stepdefinitions.SearchSteps.user_searches_for_product(java.lang.String)&amp#27;[0m
22:34:57.511 [main] INFO  utils.LoggerUtil - ▶ STEP: Verify search results present
22:34:57.558 [main] INFO  utils.LoggerUtil - Search returned 18 results
22:34:57.561 [main] INFO  utils.LoggerUtil - ✓ PASS: Search results verified: 18 items
  &amp#27;[32mThen &amp#27;[0m&amp#27;[32msearch results should be displayed&amp#27;[0m                     &amp#27;[90m# stepdefinitions.SearchSteps.search_results_should_be_displayed()&amp#27;[0m
  &amp#27;[32mAnd &amp#27;[0m&amp#27;[32mthe page title should contain &amp#27;[0m&amp#27;[32m&amp#27;[1m"iPhone"&amp#27;[0m                  &amp#27;[90m# stepdefinitions.SearchSteps.the_page_title_should_contain(java.lang.String)&amp#27;[0m
22:34:57.581 [main] INFO  hooks.Hooks - Scenario PASSED: Search multiple products and verify results
22:34:57.940 [main] INFO  hooks.Hooks - Browser closed
22:34:57.940 [main] INFO  utils.LoggerUtil - SCENARIO PASSED: Search multiple products and verify results
22:34:57.940 [main] INFO  utils.LoggerUtil - =================================================
]]></system-out>
    <system-err><![CDATA[Jun 23, 2026 10:34:31 PM org.openqa.selenium.devtools.CdpVersionFinder findNearestMatch
WARNING: Unable to find CDP implementation matching 149
Jun 23, 2026 10:34:31 PM org.openqa.selenium.chromium.ChromiumDriver lambda$new$5
WARNING: Unable to find version of CDP to use for 149.0.7827.155. You may need to include a dependency on a specific version of the CDP using something similar to `org.seleniumhq.selenium:selenium-devtools-v86:4.15.0` where the version ("v86") matches the version of the chromium-based browser you're using and the version number of the artifact is the same as Selenium's.
]]></system-err>
  </testcase>
</testsuite>